#
# There is insufficient memory for the Java Runtime Environment to continue.
# Native memory allocation (mmap) failed to map 264241152 bytes. Error detail: G1 virtual space
# Possible reasons:
#   The system is out of physical RAM or swap space
#   This process is running with CompressedOops enabled, and the Java Heap may be blocking the growth of the native heap
# Possible solutions:
#   Reduce memory load on the system
#   Increase physical memory or swap space
#   Check if swap backing store is full
#   Decrease Java heap size (-Xmx/-Xms)
#   Decrease number of Java threads
#   Decrease Java thread stack sizes (-Xss)
#   Set larger code cache with -XX:ReservedCodeCacheSize=
#   JVM is running with Zero Based Compressed Oops mode in which the Java heap is
#     placed in the first 32GB address space. The Java Heap base address is the
#     maximum limit for the native heap growth. Please use -XX:HeapBaseMinAddress
#     to set the Java Heap base and to place the Java Heap above 32GB virtual address.
# This output file may be truncated or incomplete.
#
#  Out of Memory Error (os_windows.cpp:3828), pid=32116, tid=29872
#
# JRE version:  (21.0.5+8) (build )
# Java VM: OpenJDK 64-Bit Server VM (21.0.5+8-b631.28, mixed mode, sharing, tiered, compressed oops, compressed class ptrs, g1 gc, windows-amd64)
# No core dump will be written. Minidumps are not enabled by default on client versions of Windows
#

---------------  S U M M A R Y ------------

Command Line: git4idea.http.GitAskPassApp Username for 'https://gitlab.dsi.universite-paris-saclay.fr': 

Host: 11th Gen Intel(R) Core(TM) i7-11800H @ 2.30GHz, 16 cores, 15G,  Windows 11 , 64 bit Build 26100 (10.0.26100.3323)
Time: Mon Mar 24 20:08:47 2025 Paris, Madrid elapsed time: 0.016565 seconds (0d 0h 0m 0s)

---------------  T H R E A D  ---------------

Current thread (0x000001a4f8353510):  JavaThread "Unknown thread" [_thread_in_vm, id=29872, stack(0x0000003a77d00000,0x0000003a77e00000) (1024K)]

Stack: [0x0000003a77d00000,0x0000003a77e00000]
Native frames: (J=compiled Java code, j=interpreted, Vv=VM code, C=native code)
V  [jvm.dll+0x6e52b9]
V  [jvm.dll+0x8c3633]
V  [jvm.dll+0x8c5b8e]
V  [jvm.dll+0x8c6273]
V  [jvm.dll+0x288f46]
V  [jvm.dll+0x6e1a35]
V  [jvm.dll+0x6d5e3a]
V  [jvm.dll+0x3634bb]
V  [jvm.dll+0x36b086]
V  [jvm.dll+0x3bd346]
V  [jvm.dll+0x3bd618]
V  [jvm.dll+0x335c2c]
V  [jvm.dll+0x33691b]
V  [jvm.dll+0x88aa89]
V  [jvm.dll+0x3ca518]
V  [jvm.dll+0x873b98]
V  [jvm.dll+0x45eede]
V  [jvm.dll+0x460bc1]
C  [jli.dll+0x52ab]
C  [ucrtbase.dll+0x37b0]
C  [KERNEL32.DLL+0x2e8d7]
C  [ntdll.dll+0xbbf6c]


---------------  P R O C E S S  ---------------

Threads class SMR info:
_java_thread_list=0x00007ffd078ca148, length=0, elements={
}

Java Threads: ( => current thread )
Total: 0

Other Threads:
  0x000001a4fa6728b0 WorkerThread "GC Thread#0"                     [id=16012, stack(0x0000003a77e00000,0x0000003a77f00000) (1024K)]
  0x000001a4fa683450 ConcurrentGCThread "G1 Main Marker"            [id=26132, stack(0x0000003a77f00000,0x0000003a78000000) (1024K)]
  0x000001a4fa683f50 WorkerThread "G1 Conc#0"                       [id=15696, stack(0x0000003a78000000,0x0000003a78100000) (1024K)]

[error occurred during error reporting (printing all threads), id 0xc0000005, EXCEPTION_ACCESS_VIOLATION (0xc0000005) at pc=0x00007ffd06fb8ce7]
VM state: not at safepoint (not fully initialized)

VM Mutex/Monitor currently owned by a thread:  ([mutex/lock_event])
[0x00007ffd0793eb30] Heap_lock - owner thread: 0x000001a4f8353510

Heap address: 0x0000000704400000, size: 4028 MB, Compressed Oops mode: Zero based, Oop shift amount: 3

CDS archive(s) mapped at: [0x0000000000000000-0x0000000000000000-0x0000000000000000), size 0, SharedBaseAddress: 0x0000000800000000, ArchiveRelocationMode: 1.
Narrow klass base: 0x0000000000000000, Narrow klass shift: 0, Narrow klass range: 0x0

GC Precious Log:
 CardTable entry size: 512
 Card Set container configuration: InlinePtr #cards 4 size 8 Array Of Cards #cards 16 size 48 Howl #buckets 8 coarsen threshold 3686 Howl Bitmap #cards 512 size 80 coarsen threshold 460 Card regions per heap region 1 cards per card region 4096

Heap:
 garbage-first heap   total 0K, used 0K [0x0000000704400000, 0x0000000800000000)
  region size 2048K, 0 young (0K), 0 survivors (0K)
 Metaspace       used 0K, committed 0K, reserved 0K
  class space    used 0K, committed 0K, reserved 0K

Heap Regions: E=young(eden), S=young(survivor), O=old, HS=humongous(starts), HC=humongous(continues), CS=collection set, F=free, TAMS=top-at-mark-start, PB=parsable bottom

Card table byte_map: [0x000001a4ff610000,0x000001a4ffdf0000] _byte_map_base: 0x000001a4fbdee000

Marking Bits: (CMBitMap*) 0x000001a4fa672fb0
 Bits: [0x000001a48f000000, 0x000001a492ef0000)

GC Heap History (0 events):
No events

Dll operation events (1 events):
Event: 0.009 Loaded shared library C:\Program Files\JetBrains\IntelliJ IDEA Community Edition 2024.3.1\jbr\bin\java.dll

Deoptimization events (0 events):
No events

Classes loaded (0 events):
No events

Classes unloaded (0 events):
No events

Classes redefined (0 events):
No events

Internal exceptions (0 events):
No events

ZGC Phase Switch (0 events):
No events

VM Operations (0 events):
No events

Memory protections (0 events):
No events

Nmethod flushes (0 events):
No events

Events (0 events):
No events


Dynamic libraries:
0x00007ff757fb0000 - 0x00007ff757fba000 	C:\Program Files\JetBrains\IntelliJ IDEA Community Edition 2024.3.1\jbr\bin\java.exe
0x00007ffe18920000 - 0x00007ffe18b83000 	C:\WINDOWS\SYSTEM32\ntdll.dll
0x00007ffe17b90000 - 0x00007ffe17c57000 	C:\WINDOWS\System32\KERNEL32.DLL
0x00007ffe15b20000 - 0x00007ffe15ee9000 	C:\WINDOWS\System32\KERNELBASE.dll
0x00007ffe16260000 - 0x00007ffe163ac000 	C:\WINDOWS\System32\ucrtbase.dll
0x00007ffddf090000 - 0x00007ffddf0a8000 	C:\Program Files\JetBrains\IntelliJ IDEA Community Edition 2024.3.1\jbr\bin\jli.dll
0x00007ffe0f120000 - 0x00007ffe0f13b000 	C:\Program Files\JetBrains\IntelliJ IDEA Community Edition 2024.3.1\jbr\bin\VCRUNTIME140.dll
0x00007ffe169c0000 - 0x00007ffe16b8a000 	C:\WINDOWS\System32\USER32.dll
0x00007ffe14c90000 - 0x00007ffe14f20000 	C:\WINDOWS\WinSxS\amd64_microsoft.windows.common-controls_6595b64144ccf1df_6.0.26100.3323_none_3e088096e3344490\COMCTL32.dll
0x00007ffe16650000 - 0x00007ffe16677000 	C:\WINDOWS\System32\win32u.dll
0x00007ffe177e0000 - 0x00007ffe17889000 	C:\WINDOWS\System32\msvcrt.dll
0x00007ffe181b0000 - 0x00007ffe181da000 	C:\WINDOWS\System32\GDI32.dll
0x00007ffe15ef0000 - 0x00007ffe16021000 	C:\WINDOWS\System32\gdi32full.dll
0x00007ffe161b0000 - 0x00007ffe16253000 	C:\WINDOWS\System32\msvcp_win.dll
0x00007ffe17d80000 - 0x00007ffe17daf000 	C:\WINDOWS\System32\IMM32.DLL
0x00007ffe0d0c0000 - 0x00007ffe0d0cc000 	C:\Program Files\JetBrains\IntelliJ IDEA Community Edition 2024.3.1\jbr\bin\vcruntime140_1.dll
0x00007ffda2350000 - 0x00007ffda23dd000 	C:\Program Files\JetBrains\IntelliJ IDEA Community Edition 2024.3.1\jbr\bin\msvcp140.dll
0x00007ffd06c70000 - 0x00007ffd07a31000 	C:\Program Files\JetBrains\IntelliJ IDEA Community Edition 2024.3.1\jbr\bin\server\jvm.dll
0x00007ffe17720000 - 0x00007ffe177d2000 	C:\WINDOWS\System32\ADVAPI32.dll
0x00007ffe187b0000 - 0x00007ffe18856000 	C:\WINDOWS\System32\sechost.dll
0x00007ffe17600000 - 0x00007ffe17716000 	C:\WINDOWS\System32\RPCRT4.dll
0x00007ffe18730000 - 0x00007ffe187a4000 	C:\WINDOWS\System32\WS2_32.dll
0x00007ffe15390000 - 0x00007ffe153de000 	C:\WINDOWS\SYSTEM32\POWRPROF.dll
0x00007ffe08ac0000 - 0x00007ffe08af6000 	C:\WINDOWS\SYSTEM32\WINMM.dll
0x00007ffe09970000 - 0x00007ffe0997b000 	C:\WINDOWS\SYSTEM32\VERSION.dll
0x00007ffe15070000 - 0x00007ffe15084000 	C:\WINDOWS\SYSTEM32\UMPDC.dll
0x00007ffe140a0000 - 0x00007ffe140ba000 	C:\WINDOWS\SYSTEM32\kernel.appcore.dll
0x00007ffe00c20000 - 0x00007ffe00c2a000 	C:\Program Files\JetBrains\IntelliJ IDEA Community Edition 2024.3.1\jbr\bin\jimage.dll
0x00007ffe153f0000 - 0x00007ffe15631000 	C:\WINDOWS\SYSTEM32\DBGHELP.DLL
0x00007ffe17dc0000 - 0x00007ffe18142000 	C:\WINDOWS\System32\combase.dll
0x00007ffe17ab0000 - 0x00007ffe17b86000 	C:\WINDOWS\System32\OLEAUT32.dll
0x00007ffd96b30000 - 0x00007ffd96b69000 	C:\WINDOWS\SYSTEM32\dbgcore.DLL
0x00007ffe163b0000 - 0x00007ffe16449000 	C:\WINDOWS\System32\bcryptPrimitives.dll
0x00007ffe00c00000 - 0x00007ffe00c20000 	C:\Program Files\JetBrains\IntelliJ IDEA Community Edition 2024.3.1\jbr\bin\java.dll

dbghelp: loaded successfully - version: 4.0.5 - missing functions: none
symbol engine: initialized successfully - sym options: 0x614 - pdb path: .;C:\Program Files\JetBrains\IntelliJ IDEA Community Edition 2024.3.1\jbr\bin;C:\WINDOWS\SYSTEM32;C:\WINDOWS\WinSxS\amd64_microsoft.windows.common-controls_6595b64144ccf1df_6.0.26100.3323_none_3e088096e3344490;C:\Program Files\JetBrains\IntelliJ IDEA Community Edition 2024.3.1\jbr\bin\server

VM Arguments:
java_command: git4idea.http.GitAskPassApp Username for 'https://gitlab.dsi.universite-paris-saclay.fr': 
java_class_path (initial): C:/Program Files/JetBrains/IntelliJ IDEA Community Edition 2024.3.1/plugins/vcs-git/lib/git4idea-rt.jar;C:/Program Files/JetBrains/IntelliJ IDEA Community Edition 2024.3.1/lib/externalProcess-rt.jar
Launcher Type: SUN_STANDARD

[Global flags]
     intx CICompilerCount                          = 12                                        {product} {ergonomic}
     uint ConcGCThreads                            = 3                                         {product} {ergonomic}
     uint G1ConcRefinementThreads                  = 13                                        {product} {ergonomic}
   size_t G1HeapRegionSize                         = 2097152                                   {product} {ergonomic}
    uintx GCDrainStackTargetSize                   = 64                                        {product} {ergonomic}
   size_t InitialHeapSize                          = 264241152                                 {product} {ergonomic}
   size_t MarkStackSize                            = 4194304                                   {product} {ergonomic}
   size_t MaxHeapSize                              = 4223664128                                {product} {ergonomic}
   size_t MinHeapDeltaBytes                        = 2097152                                   {product} {ergonomic}
   size_t MinHeapSize                              = 8388608                                   {product} {ergonomic}
    uintx NonNMethodCodeHeapSize                   = 7602480                                {pd product} {ergonomic}
    uintx NonProfiledCodeHeapSize                  = 122027880                              {pd product} {ergonomic}
    uintx ProfiledCodeHeapSize                     = 122027880                              {pd product} {ergonomic}
    uintx ReservedCodeCacheSize                    = 251658240                              {pd product} {ergonomic}
     bool SegmentedCodeCache                       = true                                      {product} {ergonomic}
   size_t SoftMaxHeapSize                          = 4223664128                             {manageable} {ergonomic}
     bool UseCompressedOops                        = true                           {product lp64_product} {ergonomic}
     bool UseG1GC                                  = true                                      {product} {ergonomic}
     bool UseLargePagesIndividualAllocation        = false                                  {pd product} {ergonomic}

Logging:
Log output configuration:
 #0: stdout all=warning uptime,level,tags foldmultilines=false
 #1: stderr all=off uptime,level,tags foldmultilines=false

Environment Variables:
JAVA_HOME=C:\Program Files\Eclipse Adoptium\jdk-17.0.13.11-hotspot
PATH=C:\Program Files\Git\mingw64\libexec\git-core;C:\Program Files\Git\mingw64\libexec\git-core;C:\Program Files\Git\mingw64\bin;C:\Program Files\Git\usr\bin;C:\Users\lafat\bin;C:\Program Files\Eclipse Adoptium\jdk-17.0.13.11-hotspot\bin;C:\Windows\system32;C:\Windows;C:\Windows\System32\Wbem;C:\Windows\System32\WindowsPowerShell\v1.0;C:\Windows\System32\OpenSSH;C:\Program Files (x86)\NVIDIA Corporation\PhysX\Common;C:\WINDOWS\system32;C:\WINDOWS;C:\WINDOWS\System32\Wbem;C:\WINDOWS\System32\WindowsPowerShell\v1.0;C:\WINDOWS\System32\OpenSSH;C:\Program Files\dotnet;C:\Program Files\NVIDIA Corporation\NVIDIA app\NvDLISR;C:\Program Files\Git\cmd;C:\jflex-1.9.1\bin;C:\Users\lafat\AppData\Local\Microsoft\WindowsApps;C:\Users\lafat\AppData\Local\Programs\Microsoft VS Code\bin;C:\Program Files\JetBrains\IntelliJ IDEA Community Edition 2024.3.1\bin;C:\MinGW\bin
USERNAME=lafat
DISPLAY=:0.0
LC_ALL=en_US.UTF-8
TERM=xterm-256color
TMPDIR=C:\Users\lafat\AppData\Local\Temp
OS=Windows_NT
PROCESSOR_IDENTIFIER=Intel64 Family 6 Model 141 Stepping 1, GenuineIntel
TMP=C:\Users\lafat\AppData\Local\Temp
TEMP=C:\Users\lafat\AppData\Local\Temp




Periodic native trim disabled

JNI global refs:
JNI global refs: 0, weak refs: 0

JNI global refs memory usage: 0, weak refs: 0

Process memory usage:
Resident Set Size: 13648K (0% of 16493236K total physical memory with 1554348K free physical memory)

OOME stack traces (most recent first):
Classloader memory used:

---------------  S Y S T E M  ---------------

OS:
 Windows 11 , 64 bit Build 26100 (10.0.26100.3323)
OS uptime: 1 days 0:59 hours
Hyper-V role detected

CPU: total 16 (initial active 16) (8 cores per cpu, 2 threads per core) family 6 model 141 stepping 1 microcode 0x34, cx8, cmov, fxsr, ht, mmx, 3dnowpref, sse, sse2, sse3, ssse3, sse4.1, sse4.2, popcnt, lzcnt, tsc, tscinvbit, avx, avx2, aes, erms, clmul, bmi1, bmi2, adx, avx512f, avx512dq, avx512cd, avx512bw, avx512vl, sha, fma, vzeroupper, avx512_vpopcntdq, avx512_vpclmulqdq, avx512_vaes, avx512_vnni, clflush, clflushopt, clwb, avx512_vbmi2, avx512_vbmi, hv, rdtscp, rdpid, fsrm, gfni, avx512_bitalg, f16c, cet_ibt, cet_ss, avx512_ifma
Processor Information for all 16 processors :
  Max Mhz: 2304, Current Mhz: 2304, Mhz Limit: 2304

Memory: 4k page, system-wide physical 16106M (1517M free)
TotalPageFile size 27080M (AvailPageFile size 127M)
current process WorkingSet (physical memory assigned to process): 13M, peak: 13M
current process commit charge ("private bytes"): 71M, peak: 322M

vm_info: OpenJDK 64-Bit Server VM (21.0.5+8-b631.28) for windows-amd64 JRE (21.0.5+8-b631.28), built on 2024-11-23 by "builduser" with MS VC++ 16.10 / 16.11 (VS2019)

END.
